2026-01-26 02:56:17,770 INFO [default] IDEWorkspace::didCreateSource: file:///C:/Users/xiaoa/Desktop/结绳demo/sample.t
2026-01-26 02:56:17,777 INFO [default] IDEWorkspace::didCreateSource: file:///C:/Users/xiaoa/Desktop/结绳demo/绳包/windows/CXX_基本类型.t
2026-01-26 02:56:17,784 INFO [default] IDEWorkspace::didCreateSource: file:///C:/Users/xiaoa/Desktop/结绳demo/绳包/windows/CXX_数据结构.t
2026-01-26 02:58:42,331 INFO [default] IDEWorkspace::didCreateSource: file:///C:/Users/xiaoa/Desktop/结绳demo/sample.t
2026-01-26 02:58:42,332 INFO [default] IDEWorkspace::didCreateSource: file:///C:/Users/xiaoa/Desktop/结绳demo/绳包/windows/CXX_基本类型.t
2026-01-26 02:58:42,333 INFO [default] IDEWorkspace::didCreateSource: file:///C:/Users/xiaoa/Desktop/结绳demo/绳包/windows/CXX_数据结构.t
2026-01-26 03:05:03,739 INFO [default] IDEWorkspace::didCreateSource: file:///C:/Users/xiaoa/Desktop/结绳demo/sample.t
2026-01-26 03:05:03,739 INFO [default] IDEWorkspace::didCreateSource: file:///C:/Users/xiaoa/Desktop/结绳demo/绳包/windows/CXX_基本类型.t
2026-01-26 03:05:03,739 INFO [default] IDEWorkspace::didCreateSource: file:///C:/Users/xiaoa/Desktop/结绳demo/绳包/windows/CXX_数据结构.t
2026-01-26 03:05:32,468 INFO [default] IDEWorkspace::didCreateSource: file:///C:/Users/xiaoa/Desktop/结绳demo/sample.t
2026-01-26 03:05:32,468 INFO [default] IDEWorkspace::didCreateSource: file:///C:/Users/xiaoa/Desktop/结绳demo/绳包/windows/CXX_基本类型.t
2026-01-26 03:05:32,469 INFO [default] IDEWorkspace::didCreateSource: file:///C:/Users/xiaoa/Desktop/结绳demo/绳包/windows/CXX_数据结构.t
2026-01-26 03:06:20,908 INFO [default] IDEWorkspace::didCreateSource: file://file:///C://Users/xiaoa/Desktop/%E7%BB%93%E7%BB%B3demo/sample.t
2026-01-26 03:06:20,908 INFO [default] IDEWorkspace::didCreateSource: file://file:///C://Users/xiaoa/Desktop/%E7%BB%93%E7%BB%B3demo/%E7%BB%B3%E5%8C%85/windows/CXX_%E5%9F%BA%E6%9C%AC%E7%B1%BB%E5%9E%8B.t
2026-01-26 03:06:20,910 INFO [default] IDEWorkspace::didCreateSource: file://file:///C://Users/xiaoa/Desktop/%E7%BB%93%E7%BB%B3demo/%E7%BB%B3%E5%8C%85/windows/CXX_%E6%95%B0%E6%8D%AE%E7%BB%93%E6%9E%84.t
2026-01-26 03:07:13,320 INFO [default] IDEWorkspace::didCreateSource: file:///C:/Users/xiaoa/Desktop/结绳demo/sample.t
2026-01-26 03:07:47,717 INFO [default] IDEWorkspace::didCreateSource: file:///C:/Users/xiaoa/AppData/Local/Temp/tiecode_minimal_project/sample.t
2026-01-26 03:08:16,824 INFO [default] IDEWorkspace::didCreateSource: file:///C:/Users/xiaoa/AppData/Local/Temp/tiecode_minimal_project/sample.t
2026-01-26 03:09:12,913 INFO [default] IDEWorkspace::didCreateSource: file:///C:/Users/xiaoa/AppData/Local/Temp/tiecode_minimal_project/sample.t
2026-01-26 03:11:43,942 INFO [default] IDEWorkspace::didCreateSource: file:///C:/Users/xiaoa/AppData/Local/Temp/tiecode_minimal_project/sample.t
2026-01-26 03:12:33,260 INFO [default] IDEWorkspace::didCreateSource: file:///C:/Users/xiaoa/AppData/Local/Temp/tiecode_minimal_project/sample.t
2026-01-26 03:30:21,277 INFO [default] IDEWorkspace::didCreateSource: file:///C:/Users/xiaoa/AppData/Local/Temp/tiecode_minimal_project/sample.t
2026-01-26 03:38:31,624 INFO [default] IDEWorkspace::didCreateSource: file:///C:/Users/xiaoa/AppData/Local/Temp/tiecode_minimal_project/sample.t
2026-01-26 03:41:17,444 INFO [default] IDEWorkspace::didCreateSource: file:///C:/Users/xiaoa/AppData/Local/Temp/tiecode_minimal_project/sample.t
2026-01-26 03:44:17,092 INFO [default] IDEWorkspace::didCreateSource: file:///C:/Users/xiaoa/AppData/Local/Temp/tiecode_minimal_project/sample.t
2026-01-26 03:45:50,358 INFO [default] IDEWorkspace::didCreateSource: file:///C:/Users/xiaoa/Desktop/结绳demo/sample.t
2026-01-26 03:45:50,360 INFO [default] IDEWorkspace::didCreateSource: file:///C:/Users/xiaoa/Desktop/结绳demo/绳包/windows/CXX_基本类型.t
2026-01-26 03:45:50,361 INFO [default] IDEWorkspace::didCreateSource: file:///C:/Users/xiaoa/Desktop/结绳demo/绳包/windows/CXX_数据结构.t
2026-01-26 03:53:16,473 INFO [default] IDEWorkspace::didCreateSource: file:///C:/Users/xiaoa/Desktop/结绳demo/sample.t
2026-01-26 03:53:16,473 INFO [default] IDEWorkspace::didCreateSource: file:///C:/Users/xiaoa/Desktop/结绳demo/绳包/windows/CXX_基本类型.t
2026-01-26 03:53:16,473 INFO [default] IDEWorkspace::didCreateSource: file:///C:/Users/xiaoa/Desktop/结绳demo/绳包/windows/CXX_数据结构.t
2026-01-26 03:57:13,409 INFO [default] IDEWorkspace::didCreateSource: file:///C:/Users/xiaoa/Desktop/结绳demo/sample.t
2026-01-26 03:57:13,409 INFO [default] IDEWorkspace::didCreateSource: file:///C:/Users/xiaoa/Desktop/结绳demo/绳包/windows/CXX_基本类型.t
2026-01-26 03:57:13,410 INFO [default] IDEWorkspace::didCreateSource: file:///C:/Users/xiaoa/Desktop/结绳demo/绳包/windows/CXX_数据结构.t
2026-01-26 05:09:09,290 INFO [default] IDEWorkspace::didCreateSource: file:///C:/Users/xiaoa/Desktop/结绳demo/sample.t
2026-01-26 05:09:09,292 INFO [default] IDEWorkspace::didCreateSource: file:///C:/Users/xiaoa/Desktop/结绳demo/绳包/windows/CXX_基本类型.t
2026-01-26 05:09:09,293 INFO [default] IDEWorkspace::didCreateSource: file:///C:/Users/xiaoa/Desktop/结绳demo/绳包/windows/CXX_数据结构.t
2026-01-26 05:18:01,537 INFO [default] IDEWorkspace::didCreateSource: file:///C:/Users/xiaoa/Desktop/结绳demo/sample.t
2026-01-26 05:18:01,539 INFO [default] IDEWorkspace::didCreateSource: file:///C:/Users/xiaoa/Desktop/结绳demo/绳包/windows/CXX_基本类型.t
2026-01-26 05:18:01,539 INFO [default] IDEWorkspace::didCreateSource: file:///C:/Users/xiaoa/Desktop/结绳demo/绳包/windows/CXX_数据结构.t
2026-01-26 05:19:21,895 INFO [default] IDEWorkspace::didCreateSource: file:///C:/Users/xiaoa/Desktop/结绳demo/sample.t
2026-01-26 05:19:21,897 INFO [default] IDEWorkspace::didCreateSource: file:///C:/Users/xiaoa/Desktop/结绳demo/绳包/windows/CXX_基本类型.t
2026-01-26 05:19:21,897 INFO [default] IDEWorkspace::didCreateSource: file:///C:/Users/xiaoa/Desktop/结绳demo/绳包/windows/CXX_数据结构.t
2026-01-26 05:19:21,898 ERROR [default] IDEProviderBase::recompile, source is nullptr: C:/Users/xiaoa/Desktop/结绳demo/sample.t
2026-01-26 05:19:21,898 WARNING [default] IDEHighlightProvider::highlight, recompile: root is nullptr or request canceled
2026-01-26 05:20:05,692 INFO [default] IDEWorkspace::didCreateSource: file:///C:/Users/xiaoa/Desktop/结绳demo/sample.t
2026-01-26 05:20:05,693 INFO [default] IDEWorkspace::didCreateSource: file:///C:/Users/xiaoa/Desktop/结绳demo/绳包/windows/CXX_基本类型.t
2026-01-26 05:20:05,693 INFO [default] IDEWorkspace::didCreateSource: file:///C:/Users/xiaoa/Desktop/结绳demo/绳包/windows/CXX_数据结构.t
2026-01-26 05:20:05,695 ERROR [default] IDEProviderBase::recompile, source is nullptr: C:/Users/xiaoa/Desktop/结绳demo/sample.t
2026-01-26 05:20:05,695 WARNING [default] IDEHighlightProvider::highlight, recompile: root is nullptr or request canceled
2026-01-26 05:21:09,858 INFO [default] IDEWorkspace::didCreateSource: file:///C:/Users/xiaoa/Desktop/结绳demo/sample.t
2026-01-26 05:21:09,858 INFO [default] IDEWorkspace::didCreateSource: file:///C:/Users/xiaoa/Desktop/结绳demo/绳包/windows/CXX_基本类型.t
2026-01-26 05:21:09,860 INFO [default] IDEWorkspace::didCreateSource: file:///C:/Users/xiaoa/Desktop/结绳demo/绳包/windows/CXX_数据结构.t
2026-01-26 05:21:09,860 ERROR [default] IDEProviderBase::recompile, source is nullptr: C:/Users/xiaoa/Desktop/结绳demo/sample.t
2026-01-26 05:21:09,860 WARNING [default] IDEHighlightProvider::highlight, recompile: root is nullptr or request canceled
2026-01-26 05:22:28,436 INFO [default] IDEWorkspace::didCreateSource: file:///C:/Users/xiaoa/Desktop/结绳demo/sample.t
2026-01-26 05:22:28,438 INFO [default] IDEWorkspace::didCreateSource: file:///C:/Users/xiaoa/Desktop/结绳demo/绳包/windows/CXX_基本类型.t
2026-01-26 05:22:28,438 INFO [default] IDEWorkspace::didCreateSource: file:///C:/Users/xiaoa/Desktop/结绳demo/绳包/windows/CXX_数据结构.t
2026-01-26 05:22:28,440 ERROR [default] IDEProviderBase::recompile, source is nullptr: C:/Users/xiaoa/Desktop/结绳demo/sample.t
2026-01-26 05:22:28,440 WARNING [default] IDEHighlightProvider::highlight, recompile: root is nullptr or request canceled
2026-01-26 05:29:47,235 INFO [default] IDEWorkspace::didCreateSource: file:///C:/Users/xiaoa/Desktop/结绳demo/sample.t
2026-01-26 05:29:47,237 INFO [default] IDEWorkspace::didCreateSource: file:///C:/Users/xiaoa/Desktop/结绳demo/绳包/windows/CXX_基本类型.t
2026-01-26 05:29:47,237 INFO [default] IDEWorkspace::didCreateSource: file:///C:/Users/xiaoa/Desktop/结绳demo/绳包/windows/CXX_数据结构.t
2026-01-26 05:29:47,237 ERROR [default] IDEProviderBase::recompile, source is nullptr: C:/Users/xiaoa/Desktop/结绳demo/sample.t
2026-01-26 05:29:47,237 WARNING [default] IDEHighlightProvider::highlight, recompile: root is nullptr or request canceled
2026-01-26 05:42:44,345 INFO [default] IDEWorkspace::didCreateSource: file:///C:/Users/xiaoa/Desktop/结绳demo/sample.t
2026-01-26 05:42:44,347 INFO [default] IDEWorkspace::didCreateSource: file:///C:/Users/xiaoa/Desktop/结绳demo/绳包/windows/CXX_基本类型.t
2026-01-26 05:42:44,348 INFO [default] IDEWorkspace::didCreateSource: file:///C:/Users/xiaoa/Desktop/结绳demo/绳包/windows/CXX_数据结构.t
2026-01-26 05:42:44,351 INFO [default] IDEWorkspace::didCreateSource: file:///C:/Users/xiaoa/Desktop/结绳demo/sample.t
2026-01-26 05:42:44,351 ERROR [default] IDEProviderBase::recompile, source is nullptr: C:/Users/xiaoa/Desktop/结绳demo/sample.t
2026-01-26 05:42:44,351 WARNING [default] IDEHighlightProvider::highlight, recompile: root is nullptr or request canceled
2026-01-26 05:55:20,165 INFO [default] IDEWorkspace::didCreateSource: file:///C:/Users/xiaoa/Desktop/结绳demo/sample.t
2026-01-26 05:55:20,166 INFO [default] IDEWorkspace::didCreateSource: file:///C:/Users/xiaoa/Desktop/结绳demo/绳包/windows/CXX_基本类型.t
2026-01-26 05:55:20,166 INFO [default] IDEWorkspace::didCreateSource: file:///C:/Users/xiaoa/Desktop/结绳demo/绳包/windows/CXX_数据结构.t
2026-01-26 05:55:20,168 INFO [default] IDEWorkspace::didCreateSource: C:/Users/xiaoa/Desktop/结绳demo/sample.t
2026-01-26 05:55:20,168 INFO [default] IDEServiceImpl::requestCompletion, uri: C:/Users/xiaoa/Desktop/结绳demo/sample.t, position: Position { line : 16, column : 0, index : 0 }
2026-01-26 05:56:37,001 INFO [default] IDEWorkspace::didCreateSource: file:///C:/Users/xiaoa/Desktop/结绳demo/sample.t
2026-01-26 05:56:37,004 INFO [default] IDEWorkspace::didCreateSource: file:///C:/Users/xiaoa/Desktop/结绳demo/绳包/windows/CXX_基本类型.t
2026-01-26 05:56:37,004 INFO [default] IDEWorkspace::didCreateSource: file:///C:/Users/xiaoa/Desktop/结绳demo/绳包/windows/CXX_数据结构.t
2026-01-26 05:56:37,004 INFO [default] IDEWorkspace::didCreateSource: C:/Users/xiaoa/Desktop/结绳demo/sample.t
2026-01-26 05:56:37,005 INFO [default] IDEServiceImpl::requestCompletion, uri: C:/Users/xiaoa/Desktop/结绳demo/sample.t, position: Position { line : 16, column : 0, index : 0 }
2026-01-26 06:00:21,435 INFO [default] IDEWorkspace::didCreateSource: file:///C:/Users/xiaoa/Desktop/结绳demo/sample.t
2026-01-26 06:00:21,435 INFO [default] IDEWorkspace::didCreateSource: file:///C:/Users/xiaoa/Desktop/结绳demo/绳包/windows/CXX_基本类型.t
2026-01-26 06:00:21,437 INFO [default] IDEWorkspace::didCreateSource: file:///C:/Users/xiaoa/Desktop/结绳demo/绳包/windows/CXX_数据结构.t
2026-01-26 06:00:21,437 INFO [default] IDEWorkspace::didCreateSource: C:/Users/xiaoa/Desktop/结绳demo/sample.t
2026-01-26 06:00:21,438 INFO [default] IDEServiceImpl::requestCompletion, uri: C:/Users/xiaoa/Desktop/结绳demo/sample.t, position: Position { line : 16, column : 0, index : 0 }
2026-01-26 06:03:47,770 INFO [default] IDEWorkspace::didCreateSource: file:///C:/Users/xiaoa/Desktop/结绳demo/sample.t
2026-01-26 06:03:47,771 INFO [default] IDEWorkspace::didCreateSource: file:///C:/Users/xiaoa/Desktop/结绳demo/绳包/windows/CXX_基本类型.t
2026-01-26 06:03:47,771 INFO [default] IDEWorkspace::didCreateSource: file:///C:/Users/xiaoa/Desktop/结绳demo/绳包/windows/CXX_数据结构.t
2026-01-26 06:03:47,772 INFO [default] IDEWorkspace::didCreateSource: C:/Users/xiaoa/Desktop/结绳demo/sample.t
2026-01-26 06:03:47,772 INFO [default] IDEServiceImpl::requestCompletion, uri: C:/Users/xiaoa/Desktop/结绳demo/sample.t, position: Position { line : 16, column : 0, index : 0 }
2026-01-26 06:06:32,418 INFO [default] IDEWorkspace::didCreateSource: file:///C:/Users/xiaoa/Desktop/结绳demo/sample.t
2026-01-26 06:06:32,419 INFO [default] IDEWorkspace::didCreateSource: file:///C:/Users/xiaoa/Desktop/结绳demo/绳包/windows/CXX_基本类型.t
2026-01-26 06:06:32,420 INFO [default] IDEWorkspace::didCreateSource: file:///C:/Users/xiaoa/Desktop/结绳demo/绳包/windows/CXX_数据结构.t
2026-01-26 06:06:32,420 INFO [default] IDEWorkspace::didCreateSource: C:/Users/xiaoa/Desktop/结绳demo/sample.t
2026-01-26 06:06:32,421 INFO [default] IDEServiceImpl::requestCompletion, uri: C:/Users/xiaoa/Desktop/结绳demo/sample.t, position: Position { line : 16, column : 0, index : 0 }
2026-01-26 06:07:43,943 INFO [default] IDEWorkspace::didCreateSource: file:///C:/Users/xiaoa/Desktop/结绳demo/sample.t
2026-01-26 06:07:43,945 INFO [default] IDEWorkspace::didCreateSource: file:///C:/Users/xiaoa/Desktop/结绳demo/绳包/windows/CXX_基本类型.t
2026-01-26 06:07:43,945 INFO [default] IDEWorkspace::didCreateSource: file:///C:/Users/xiaoa/Desktop/结绳demo/绳包/windows/CXX_数据结构.t
2026-01-26 06:07:43,945 INFO [default] IDEWorkspace::didCreateSource: C:/Users/xiaoa/Desktop/结绳demo/sample.t
2026-01-26 06:07:43,946 INFO [default] IDEServiceImpl::requestCompletion, uri: C:/Users/xiaoa/Desktop/结绳demo/sample.t, position: Position { line : 16, column : 0, index : 0 }
2026-01-26 06:09:46,956 INFO [default] IDEWorkspace::didCreateSource: file:///C:/Users/xiaoa/Desktop/结绳demo/sample.t
2026-01-26 06:09:46,957 INFO [default] IDEWorkspace::didCreateSource: file:///C:/Users/xiaoa/Desktop/结绳demo/绳包/windows/CXX_基本类型.t
2026-01-26 06:09:46,957 INFO [default] IDEWorkspace::didCreateSource: file:///C:/Users/xiaoa/Desktop/结绳demo/绳包/windows/CXX_数据结构.t
2026-01-26 06:09:46,957 INFO [default] IDEWorkspace::didCreateSource: C:/Users/xiaoa/Desktop/结绳demo/sample.t
2026-01-26 06:09:46,957 INFO [default] IDEServiceImpl::requestCompletion, uri: C:/Users/xiaoa/Desktop/结绳demo/sample.t, position: Position { line : 0, column : 0, index : 0 }
2026-01-26 06:12:39,524 INFO [default] IDEWorkspace::didCreateSource: file:///C:/Users/xiaoa/Desktop/结绳demo/sample.t
2026-01-26 06:12:39,524 INFO [default] IDEWorkspace::didCreateSource: file:///C:/Users/xiaoa/Desktop/结绳demo/绳包/windows/CXX_基本类型.t
2026-01-26 06:12:39,525 INFO [default] IDEWorkspace::didCreateSource: file:///C:/Users/xiaoa/Desktop/结绳demo/绳包/windows/CXX_数据结构.t
2026-01-26 06:12:39,525 INFO [default] IDEWorkspace::didCreateSource: C:/Users/xiaoa/Desktop/结绳demo/sample.t
2026-01-26 06:12:39,527 INFO [default] IDEServiceImpl::requestCompletion, uri: C:/Users/xiaoa/Desktop/结绳demo/sample.t, position: Position { line : 0, column : 0, index : 0 }
2026-01-26 06:14:40,219 INFO [default] IDEWorkspace::didCreateSource: file:///C:/Users/xiaoa/Desktop/结绳demo/sample.t
2026-01-26 06:14:40,220 INFO [default] IDEWorkspace::didCreateSource: file:///C:/Users/xiaoa/Desktop/结绳demo/绳包/windows/CXX_基本类型.t
2026-01-26 06:14:40,220 INFO [default] IDEWorkspace::didCreateSource: file:///C:/Users/xiaoa/Desktop/结绳demo/绳包/windows/CXX_数据结构.t
2026-01-26 06:14:40,221 INFO [default] IDEWorkspace::didCreateSource: C:/Users/xiaoa/Desktop/结绳demo/sample.t
2026-01-26 06:14:40,221 INFO [default] IDEServiceImpl::requestCompletion, uri: C:/Users/xiaoa/Desktop/结绳demo/sample.t, position: Position { line : 16, column : 0, index : 0 }
2026-01-26 06:15:10,768 INFO [default] IDEWorkspace::didCreateSource: file:///C:/Users/xiaoa/Desktop/结绳demo/sample.t
2026-01-26 06:15:10,768 INFO [default] IDEWorkspace::didCreateSource: file:///C:/Users/xiaoa/Desktop/结绳demo/绳包/windows/CXX_基本类型.t
2026-01-26 06:15:10,769 INFO [default] IDEWorkspace::didCreateSource: file:///C:/Users/xiaoa/Desktop/结绳demo/绳包/windows/CXX_数据结构.t
2026-01-26 06:15:10,769 INFO [default] IDEWorkspace::didCreateSource: C:/Users/xiaoa/Desktop/结绳demo/sample.t
2026-01-26 06:15:10,771 INFO [default] IDEServiceImpl::requestCompletion, uri: C:/Users/xiaoa/Desktop/结绳demo/sample.t, position: Position { line : 16, column : 0, index : 0 }
2026-01-26 06:18:04,370 INFO [default] IDEWorkspace::didCreateSource: file:///C:/Users/xiaoa/Desktop/结绳demo/sample.t
2026-01-26 06:18:04,371 INFO [default] IDEWorkspace::didCreateSource: file:///C:/Users/xiaoa/Desktop/结绳demo/绳包/windows/CXX_基本类型.t
2026-01-26 06:18:04,371 INFO [default] IDEWorkspace::didCreateSource: file:///C:/Users/xiaoa/Desktop/结绳demo/绳包/windows/CXX_数据结构.t
2026-01-26 06:18:04,373 INFO [default] IDEWorkspace::didCreateSource: C:/Users/xiaoa/Desktop/结绳demo/sample.t
2026-01-26 06:18:04,373 INFO [default] IDEServiceImpl::requestCompletion, uri: C:/Users/xiaoa/Desktop/结绳demo/sample.t, position: Position { line : 16, column : 0, index : 0 }
2026-01-26 06:22:44,704 INFO [default] IDEWorkspace::didCreateSource: file:///C:/Users/xiaoa/Desktop/结绳demo/sample.t
2026-01-26 06:22:44,705 INFO [default] IDEWorkspace::didCreateSource: file:///C:/Users/xiaoa/Desktop/结绳demo/绳包/windows/CXX_基本类型.t
2026-01-26 06:22:44,705 INFO [default] IDEWorkspace::didCreateSource: file:///C:/Users/xiaoa/Desktop/结绳demo/绳包/windows/CXX_数据结构.t
2026-01-26 06:22:44,706 INFO [default] IDEWorkspace::didCreateSource: C:/Users/xiaoa/Desktop/结绳demo/sample.t
2026-01-26 06:22:44,706 INFO [default] IDEServiceImpl::requestCompletion, uri: C:/Users/xiaoa/Desktop/结绳demo/sample.t, position: Position { line : 16, column : 0, index : 0 }
2026-01-26 06:24:05,229 INFO [default] IDEWorkspace::didCreateSource: file:///C:/Users/xiaoa/Desktop/结绳demo/sample.t
2026-01-26 06:24:05,230 INFO [default] IDEWorkspace::didCreateSource: file:///C:/Users/xiaoa/Desktop/结绳demo/绳包/windows/CXX_基本类型.t
2026-01-26 06:24:05,230 INFO [default] IDEWorkspace::didCreateSource: file:///C:/Users/xiaoa/Desktop/结绳demo/绳包/windows/CXX_数据结构.t
2026-01-26 06:24:05,232 INFO [default] IDEWorkspace::didCreateSource: C:/Users/xiaoa/Desktop/结绳demo/sample.t
2026-01-26 06:24:05,233 INFO [default] IDEServiceImpl::requestCompletion, uri: C:/Users/xiaoa/Desktop/结绳demo/sample.t, position: Position { line : 16, column : 0, index : 0 }
2026-01-26 06:30:03,524 INFO [default] IDEWorkspace::didCreateSource: file:///C:/Users/xiaoa/Desktop/结绳demo/sample.t
2026-01-26 06:30:03,526 INFO [default] IDEWorkspace::didCreateSource: file:///C:/Users/xiaoa/Desktop/结绳demo/绳包/windows/CXX_基本类型.t
2026-01-26 06:30:03,528 INFO [default] IDEWorkspace::didCreateSource: file:///C:/Users/xiaoa/Desktop/结绳demo/绳包/windows/CXX_数据结构.t
2026-01-26 06:30:03,528 INFO [default] IDEWorkspace::didCreateSource: C:/Users/xiaoa/Desktop/结绳demo/sample.t
2026-01-26 06:30:03,531 INFO [default] IDEServiceImpl::requestCompletion, uri: C:/Users/xiaoa/Desktop/结绳demo/sample.t, position: Position { line : 16, column : 0, index : 0 }
2026-01-26 06:31:10,181 INFO [default] IDEWorkspace::didCreateSource: file:///C:/Users/xiaoa/Desktop/结绳demo/sample.t
2026-01-26 06:31:10,182 INFO [default] IDEWorkspace::didCreateSource: file:///C:/Users/xiaoa/Desktop/结绳demo/绳包/windows/CXX_基本类型.t
2026-01-26 06:31:10,182 INFO [default] IDEWorkspace::didCreateSource: file:///C:/Users/xiaoa/Desktop/结绳demo/绳包/windows/CXX_数据结构.t
2026-01-26 06:31:10,184 INFO [default] IDEWorkspace::didCreateSource: C:/Users/xiaoa/Desktop/结绳demo/sample.t
2026-01-26 06:31:10,186 INFO [default] IDEServiceImpl::requestCompletion, uri: C:/Users/xiaoa/Desktop/结绳demo/sample.t, position: Position { line : 16, column : 0, index : 0 }
2026-01-26 06:39:39,552 INFO [default] IDEWorkspace::didCreateSource: file:///C:/Users/xiaoa/Desktop/结绳demo/sample.t
2026-01-26 06:39:39,555 INFO [default] IDEWorkspace::didCreateSource: file:///C:/Users/xiaoa/Desktop/结绳demo/绳包/windows/CXX_基本类型.t
2026-01-26 06:39:39,555 INFO [default] IDEWorkspace::didCreateSource: file:///C:/Users/xiaoa/Desktop/结绳demo/绳包/windows/CXX_数据结构.t
2026-01-26 06:39:39,556 INFO [default] IDEWorkspace::didCreateSource: C:/Users/xiaoa/Desktop/结绳demo/sample.t
2026-01-26 06:39:39,556 INFO [default] IDEServiceImpl::requestCompletion, uri: C:/Users/xiaoa/Desktop/结绳demo/sample.t, position: Position { line : 16, column : 0, index : 0 }
2026-01-26 06:41:18,666 INFO [default] IDEWorkspace::didCreateSource: file:///C:/Users/xiaoa/Desktop/结绳demo/sample.t
2026-01-26 06:41:18,666 INFO [default] IDEWorkspace::didCreateSource: file:///C:/Users/xiaoa/Desktop/结绳demo/绳包/windows/CXX_基本类型.t
2026-01-26 06:41:18,666 INFO [default] IDEWorkspace::didCreateSource: file:///C:/Users/xiaoa/Desktop/结绳demo/绳包/windows/CXX_数据结构.t
2026-01-26 06:41:18,668 INFO [default] IDEWorkspace::didCreateSource: C:/Users/xiaoa/Desktop/结绳demo/sample.t
2026-01-26 06:41:18,668 INFO [default] IDEServiceImpl::requestCompletion, uri: C:/Users/xiaoa/Desktop/结绳demo/sample.t, position: Position { line : 16, column : 0, index : 0 }
2026-01-26 06:47:06,163 INFO [default] IDEWorkspace::didCreateSource: file:///C:/Users/xiaoa/Desktop/结绳demo/sample.t
2026-01-26 06:47:06,164 INFO [default] IDEWorkspace::didCreateSource: file:///C:/Users/xiaoa/Desktop/结绳demo/绳包/windows/CXX_基本类型.t
2026-01-26 06:47:06,164 INFO [default] IDEWorkspace::didCreateSource: file:///C:/Users/xiaoa/Desktop/结绳demo/绳包/windows/CXX_数据结构.t
2026-01-26 06:47:06,166 INFO [default] IDEWorkspace::didCreateSource: C:/Users/xiaoa/Desktop/结绳demo/sample.t
2026-01-26 06:47:06,166 INFO [default] IDEServiceImpl::requestCompletion, uri: file:///C:/Users/xiaoa/Desktop/%E7%BB%93%E7%BB%B3demo/sample.t, position: Position { line : 16, column : 0, index : 0 }
2026-01-26 06:47:06,168 ERROR [default] IDEProviderBase::recompile, source is nullptr: file:///C:/Users/xiaoa/Desktop/%E7%BB%93%E7%BB%B3demo/sample.t
2026-01-26 06:47:06,168 WARNING [default] IDECompletionProvider::complete, recompile: root is nullptr or request canceled
2026-01-26 06:49:07,336 INFO [default] IDEWorkspace::didCreateSource: file:///C:/Users/xiaoa/Desktop/结绳demo/sample.t
2026-01-26 06:49:07,338 INFO [default] IDEWorkspace::didCreateSource: file:///C:/Users/xiaoa/Desktop/结绳demo/绳包/windows/CXX_基本类型.t
2026-01-26 06:49:07,338 INFO [default] IDEWorkspace::didCreateSource: file:///C:/Users/xiaoa/Desktop/结绳demo/绳包/windows/CXX_数据结构.t
2026-01-26 06:49:07,339 INFO [default] IDEWorkspace::didCreateSource: file:///C:/Users/xiaoa/Desktop/%E7%BB%93%E7%BB%B3demo/sample.t
2026-01-26 06:49:07,339 INFO [default] IDEServiceImpl::requestCompletion, uri: file:///C:/Users/xiaoa/Desktop/%E7%BB%93%E7%BB%B3demo/sample.t, position: Position { line : 16, column : 0, index : 0 }
2026-01-26 06:50:12,683 INFO [default] IDEWorkspace::didCreateSource: file:///C:/Users/xiaoa/Desktop/结绳demo/sample.t
2026-01-26 06:50:12,685 INFO [default] IDEWorkspace::didCreateSource: file:///C:/Users/xiaoa/Desktop/结绳demo/绳包/windows/CXX_基本类型.t
2026-01-26 06:50:12,685 INFO [default] IDEWorkspace::didCreateSource: file:///C:/Users/xiaoa/Desktop/结绳demo/绳包/windows/CXX_数据结构.t
2026-01-26 06:50:12,687 INFO [default] IDEWorkspace::didCreateSource: file:///C:/Users/xiaoa/Desktop/%E7%BB%93%E7%BB%B3demo/sample.t
2026-01-26 06:50:12,688 INFO [default] IDEServiceImpl::requestCompletion, uri: file:///C:/Users/xiaoa/Desktop/%E7%BB%93%E7%BB%B3demo/sample.t, position: Position { line : 16, column : 0, index : 0 }
2026-01-26 06:52:00,713 INFO [default] IDEWorkspace::didCreateSource: file:///C:/Users/xiaoa/Desktop/结绳demo/sample.t
2026-01-26 06:52:00,715 INFO [default] IDEWorkspace::didCreateSource: file:///C:/Users/xiaoa/Desktop/结绳demo/绳包/windows/CXX_基本类型.t
2026-01-26 06:52:00,715 INFO [default] IDEWorkspace::didCreateSource: file:///C:/Users/xiaoa/Desktop/结绳demo/绳包/windows/CXX_数据结构.t
2026-01-26 06:52:00,717 INFO [default] IDEWorkspace::didCreateSource: file:///C:/Users/xiaoa/Desktop/%E7%BB%93%E7%BB%B3demo/sample.t
2026-01-26 06:52:00,717 INFO [default] IDEServiceImpl::requestCompletion, uri: file:///C:/Users/xiaoa/Desktop/%E7%BB%93%E7%BB%B3demo/sample.t, position: Position { line : 16, column : 0, index : 0 }
2026-01-26 10:03:05,347 INFO [default] IDEWorkspace::didCreateSource: file:///C:/Users/xiaoa/Desktop/结绳demo/sample.t
2026-01-26 10:03:05,348 INFO [default] IDEWorkspace::didCreateSource: file:///C:/Users/xiaoa/Desktop/结绳demo/绳包/windows/CXX_基本类型.t
2026-01-26 10:03:05,348 INFO [default] IDEWorkspace::didCreateSource: file:///C:/Users/xiaoa/Desktop/结绳demo/绳包/windows/CXX_数据结构.t
2026-01-26 10:03:05,349 INFO [default] IDEWorkspace::didCreateSource: file:///C:/Users/xiaoa/Desktop/%E7%BB%93%E7%BB%B3demo/sample.t
2026-01-26 10:03:05,349 INFO [default] IDEServiceImpl::requestCompletion, uri: file:///C:/Users/xiaoa/Desktop/%E7%BB%93%E7%BB%B3demo/sample.t, position: Position { line : 16, column : 0, index : 0 }
2026-01-26 10:03:31,329 INFO [default] IDEWorkspace::didCreateSource: file:///C:/Users/xiaoa/Desktop/结绳demo/sample.t
2026-01-26 10:03:31,330 INFO [default] IDEWorkspace::didCreateSource: file:///C:/Users/xiaoa/Desktop/结绳demo/绳包/windows/CXX_基本类型.t
2026-01-26 10:03:31,330 INFO [default] IDEWorkspace::didCreateSource: file:///C:/Users/xiaoa/Desktop/结绳demo/绳包/windows/CXX_数据结构.t
2026-01-26 10:03:31,331 INFO [default] IDEWorkspace::didCreateSource: file:///C:/Users/xiaoa/Desktop/%E7%BB%93%E7%BB%B3demo/sample.t
2026-01-26 10:03:31,331 INFO [default] IDEServiceImpl::requestCompletion, uri: file:///C:/Users/xiaoa/Desktop/%E7%BB%93%E7%BB%B3demo/sample.t, position: Position { line : 16, column : 0, index : 0 }
2026-01-26 10:03:33,698 INFO [default] IDEWorkspace::didCreateSource: file:///C:/Users/xiaoa/Desktop/结绳demo/sample.t
2026-01-26 10:03:33,699 INFO [default] IDEWorkspace::didCreateSource: file:///C:/Users/xiaoa/Desktop/结绳demo/绳包/windows/CXX_基本类型.t
2026-01-26 10:03:33,699 INFO [default] IDEWorkspace::didCreateSource: file:///C:/Users/xiaoa/Desktop/结绳demo/绳包/windows/CXX_数据结构.t
2026-01-26 10:03:33,700 INFO [default] IDEWorkspace::didCreateSource: file:///C:/Users/xiaoa/Desktop/%E7%BB%93%E7%BB%B3demo/sample.t
2026-01-26 10:03:33,700 INFO [default] IDEServiceImpl::requestCompletion, uri: file:///C:/Users/xiaoa/Desktop/%E7%BB%93%E7%BB%B3demo/sample.t, position: Position { line : 16, column : 0, index : 0 }
2026-01-26 10:03:44,148 INFO [default] IDEWorkspace::didCreateSource: file:///C:/Users/xiaoa/Desktop/结绳demo/sample.t
2026-01-26 10:03:44,148 INFO [default] IDEWorkspace::didCreateSource: file:///C:/Users/xiaoa/Desktop/结绳demo/绳包/windows/CXX_基本类型.t
2026-01-26 10:03:44,148 INFO [default] IDEWorkspace::didCreateSource: file:///C:/Users/xiaoa/Desktop/结绳demo/绳包/windows/CXX_数据结构.t
2026-01-26 10:03:44,149 INFO [default] IDEWorkspace::didCreateSource: file:///C:/Users/xiaoa/Desktop/%E7%BB%93%E7%BB%B3demo/sample.t
2026-01-26 10:03:44,149 INFO [default] IDEServiceImpl::requestCompletion, uri: file:///C:/Users/xiaoa/Desktop/%E7%BB%93%E7%BB%B3demo/sample.t, position: Position { line : 16, column : 0, index : 0 }
2026-01-26 10:03:49,630 INFO [default] IDEWorkspace::didCreateSource: file:///C:/Users/xiaoa/Desktop/结绳demo/sample.t
2026-01-26 10:03:49,630 INFO [default] IDEWorkspace::didCreateSource: file:///C:/Users/xiaoa/Desktop/结绳demo/绳包/windows/CXX_基本类型.t
2026-01-26 10:03:49,630 INFO [default] IDEWorkspace::didCreateSource: file:///C:/Users/xiaoa/Desktop/结绳demo/绳包/windows/CXX_数据结构.t
2026-01-26 10:03:49,630 INFO [default] IDEWorkspace::didCreateSource: file:///C:/Users/xiaoa/Desktop/%E7%BB%93%E7%BB%B3demo/sample.t
2026-01-26 10:03:49,632 INFO [default] IDEServiceImpl::requestCompletion, uri: file:///C:/Users/xiaoa/Desktop/%E7%BB%93%E7%BB%B3demo/sample.t, position: Position { line : 16, column : 0, index : 0 }
